[0.008s] Invoking command in '/home/tang/tang_ws/remote_h/crsf_parser/build/crsf_parser': CMAKE_PREFIX_PATH=${CMAKE_PREFIX_PATH}:/opt/ros/humble /usr/bin/cmake --build /home/tang/tang_ws/remote_h/crsf_parser/build/crsf_parser -- -j16 -l16
[0.047s] [  8%] Built target crsf_parser__cpp
[0.048s] [ 11%] Built target crsf_parser__rosidl_generator_c
[0.057s] [ 14%] [32mBuilding CXX object CMakeFiles/tranform.dir/src/tranform.cpp.o[0m
[0.062s] [ 14%] Built target ament_cmake_python_copy_crsf_parser
[0.067s] [ 22%] Built target crsf_parser__rosidl_typesupport_cpp
[0.067s] [ 31%] Built target crsf_parser__rosidl_typesupport_introspection_c
[0.068s] [ 40%] Built target crsf_parser__rosidl_typesupport_fastrtps_cpp
[0.069s] [ 48%] Built target crsf_parser__rosidl_typesupport_introspection_cpp
[0.070s] [ 65%] Built target crsf_parser__rosidl_typesupport_c
[0.070s] [ 65%] Built target crsf_parser__rosidl_typesupport_fastrtps_c
[0.083s] [ 65%] Built target crsf_parser
[0.095s] [ 68%] Built target crsf_parser__py
[0.101s] [ 74%] Built target crsf_parser_node
[0.111s] [ 80%] Built target crsf_parser__rosidl_generator_py
[0.127s] [ 85%] Built target crsf_parser__rosidl_typesupport_introspection_c__pyext
[0.127s] [ 91%] Built target crsf_parser__rosidl_typesupport_c__pyext
[0.130s] [ 97%] Built target crsf_parser__rosidl_typesupport_fastrtps_c__pyext
[0.227s] running egg_info
[0.227s] writing crsf_parser.egg-info/PKG-INFO
[0.227s] writing dependency_links to crsf_parser.egg-info/dependency_links.txt
[0.228s] writing top-level names to crsf_parser.egg-info/top_level.txt
[0.229s] reading manifest file 'crsf_parser.egg-info/SOURCES.txt'
[0.229s] writing manifest file 'crsf_parser.egg-info/SOURCES.txt'
[0.247s] [ 97%] Built target ament_cmake_python_build_crsf_parser_egg
[1.330s] [01m[K/home/tang/tang_ws/remote_h/crsf_parser/src/tranform.cpp:[m[K In constructor â€˜[01m[KTransformNode::TransformNode()[m[Kâ€™:
[1.330s] [01m[K/home/tang/tang_ws/remote_h/crsf_parser/src/tranform.cpp:12:9:[m[K [01;31m[Kerror: [m[Kâ€˜[01m[Ktimer_[m[Kâ€™ was not declared in this scope; did you mean â€˜[01m[Ktimer_t[m[Kâ€™?
[1.330s]    12 |         [01;31m[Ktimer_[m[K = this->create_wall_timer(std::chrono::milliseconds(10), std::bind(&TransformNode::publish_motion_commands, this));
[1.331s]       |         [01;31m[K^~~~~~[m[K
[1.331s]       |         [32m[Ktimer_t[m[K
[2.758s] gmake[2]: *** [CMakeFiles/tranform.dir/build.make:76ï¼šCMakeFiles/tranform.dir/src/tranform.cpp.o] é”™è¯¯ 1
[2.758s] gmake[1]: *** [CMakeFiles/Makefile2:622ï¼šCMakeFiles/tranform.dir/all] é”™è¯¯ 2
[2.758s] gmake: *** [Makefile:146ï¼šall] é”™è¯¯ 2
[2.760s] Invoked command in '/home/tang/tang_ws/remote_h/crsf_parser/build/crsf_parser' returned '2': CMAKE_PREFIX_PATH=${CMAKE_PREFIX_PATH}:/opt/ros/humble /usr/bin/cmake --build /home/tang/tang_ws/remote_h/crsf_parser/build/crsf_parser -- -j16 -l16
