[01m[K/home/tang/tang_ws/remote_h/crsf_parser/src/tranform.cpp:[m[K In member function â€˜[01m[Kvoid TransformNode::publish_motion_commands()[m[Kâ€™:
[01m[K/home/tang/tang_ws/remote_h/crsf_parser/src/tranform.cpp:43:9:[m[K [01;31m[Kerror: [m[Kâ€˜[01m[Kprint[m[Kâ€™ was not declared in this scope; did you mean â€˜[01m[Krint[m[Kâ€™?
   43 |         [01;31m[Kprint[m[K(current_time)
      |         [01;31m[K^~~~~[m[K
      |         [32m[Krint[m[K
gmake[2]: *** [CMakeFiles/tranform.dir/build.make:76ï¼šCMakeFiles/tranform.dir/src/tranform.cpp.o] é”™è¯¯ 1
gmake[1]: *** [CMakeFiles/Makefile2:622ï¼šCMakeFiles/tranform.dir/all] é”™è¯¯ 2
gmake: *** [Makefile:146ï¼šall] é”™è¯¯ 2
