[0.007s] Invoking command in '/home/tang/tang_ws/remote_h/crsf_parser/build/crsf_parser': CMAKE_PREFIX_PATH=${CMAKE_PREFIX_PATH}:/opt/ros/humble /usr/bin/cmake --build /home/tang/tang_ws/remote_h/crsf_parser/build/crsf_parser -- -j16 -l16
[0.037s] [35m[1mConsolidate compiler generated dependencies of target tranform[0m
[0.043s] [  2%] Built target crsf_parser__cpp
[0.044s] [ 11%] Built target crsf_parser__rosidl_generator_c
[0.049s] [ 11%] Built target ament_cmake_python_copy_crsf_parser
[0.050s] [ 14%] [32mBuilding CXX object CMakeFiles/tranform.dir/src/tranform.cpp.o[0m
[0.057s] [ 31%] Built target crsf_parser__rosidl_typesupport_c
[0.058s] [ 31%] Built target crsf_parser__rosidl_typesupport_cpp
[0.058s] [ 40%] Built target crsf_parser__rosidl_typesupport_introspection_c
[0.058s] [ 48%] Built target crsf_parser__rosidl_typesupport_fastrtps_c
[0.058s] [ 57%] Built target crsf_parser__rosidl_typesupport_fastrtps_cpp
[0.063s] [ 65%] Built target crsf_parser__rosidl_typesupport_introspection_cpp
[0.078s] [ 65%] Built target crsf_parser
[0.093s] [ 68%] Built target crsf_parser__py
[0.099s] [ 74%] Built target crsf_parser_node
[0.109s] [ 80%] Built target crsf_parser__rosidl_generator_py
[0.125s] [ 91%] Built target crsf_parser__rosidl_typesupport_introspection_c__pyext
[0.125s] [ 91%] Built target crsf_parser__rosidl_typesupport_fastrtps_c__pyext
[0.126s] [ 97%] Built target crsf_parser__rosidl_typesupport_c__pyext
[0.186s] running egg_info
[0.186s] writing crsf_parser.egg-info/PKG-INFO
[0.187s] writing dependency_links to crsf_parser.egg-info/dependency_links.txt
[0.187s] writing top-level names to crsf_parser.egg-info/top_level.txt
[0.188s] reading manifest file 'crsf_parser.egg-info/SOURCES.txt'
[0.188s] writing manifest file 'crsf_parser.egg-info/SOURCES.txt'
[0.207s] [ 97%] Built target ament_cmake_python_build_crsf_parser_egg
[1.329s] [01m[K/home/tang/tang_ws/remote_h/crsf_parser/src/tranform.cpp:[m[K In member function â€˜[01m[Kvoid TransformNode::publish_motion_commands()[m[Kâ€™:
[1.329s] [01m[K/home/tang/tang_ws/remote_h/crsf_parser/src/tranform.cpp:43:9:[m[K [01;31m[Kerror: [m[Kâ€˜[01m[Kprint[m[Kâ€™ was not declared in this scope; did you mean â€˜[01m[Krint[m[Kâ€™?
[1.329s]    43 |         [01;31m[Kprint[m[K(current_time)
[1.329s]       |         [01;31m[K^~~~~[m[K
[1.329s]       |         [32m[Krint[m[K
[2.739s] gmake[2]: *** [CMakeFiles/tranform.dir/build.make:76ï¼šCMakeFiles/tranform.dir/src/tranform.cpp.o] é”™è¯¯ 1
[2.739s] gmake[1]: *** [CMakeFiles/Makefile2:622ï¼šCMakeFiles/tranform.dir/all] é”™è¯¯ 2
[2.739s] gmake: *** [Makefile:146ï¼šall] é”™è¯¯ 2
[2.741s] Invoked command in '/home/tang/tang_ws/remote_h/crsf_parser/build/crsf_parser' returned '2': CMAKE_PREFIX_PATH=${CMAKE_PREFIX_PATH}:/opt/ros/humble /usr/bin/cmake --build /home/tang/tang_ws/remote_h/crsf_parser/build/crsf_parser -- -j16 -l16
