[35m[1mConsolidate compiler generated dependencies of target tranform[0m
[  5%] [32mBuilding CXX object CMakeFiles/transform_node.dir/src/tranform.cpp.o[0m
[ 10%] Built target crsf_parser__rosidl_generator_c
[ 13%] Built target crsf_parser__cpp
[ 16%] Built target ament_cmake_python_copy_crsf_parser
[ 16%] [32mBuilding CXX object CMakeFiles/tranform.dir/src/tranform.cpp.o[0m
[01m[K/home/tang/tang_ws/remote_h/crsf_parser/src/tranform.cpp:1:10:[m[K [01;31m[Kfatal error: [m[Krclcpp/rclcpp.hpp: æ²¡æœ‰é‚£ä¸ªæ–‡ä»¶æˆ–ç›®å½•
    1 | #include [01;31m[K"rclcpp/rclcpp.hpp"[m[K
      |          [01;31m[K^~~~~~~~~~~~~~~~~~~[m[K
compilation terminated.
gmake[2]: *** [CMakeFiles/transform_node.dir/build.make:76ï¼šCMakeFiles/transform_node.dir/src/tranform.cpp.o] é”™è¯¯ 1
gmake[1]: *** [CMakeFiles/Makefile2:624ï¼šCMakeFiles/transform_node.dir/all] é”™è¯¯ 2
gmake[1]: *** æ­£åœ¨ç­‰å¾…æœªå®Œæˆçš„ä»»åŠ¡....
[ 24%] Built target crsf_parser__rosidl_typesupport_introspection_c
[ 32%] Built target crsf_parser__rosidl_typesupport_c
[ 40%] Built target crsf_parser__rosidl_typesupport_fastrtps_c
[ 54%] Built target crsf_parser__rosidl_typesupport_introspection_cpp
[ 56%] Built target crsf_parser__rosidl_typesupport_cpp
[ 64%] Built target crsf_parser__rosidl_typesupport_fastrtps_cpp
running egg_info
writing crsf_parser.egg-info/PKG-INFO
writing dependency_links to crsf_parser.egg-info/dependency_links.txt
writing top-level names to crsf_parser.egg-info/top_level.txt
reading manifest file 'crsf_parser.egg-info/SOURCES.txt'
writing manifest file 'crsf_parser.egg-info/SOURCES.txt'
[ 64%] Built target ament_cmake_python_build_crsf_parser_egg
[01m[K/home/tang/tang_ws/remote_h/crsf_parser/src/tranform.cpp:14:5:[m[K [01;31m[Kerror: [m[Ktwo or more data types in declaration of â€˜[01m[Kon_joy_received[m[Kâ€™
   14 |     [01;31m[Kvoid[m[K
      |     [01;31m[K^~~~[m[K
[01m[K/home/tang/tang_ws/remote_h/crsf_parser/src/tranform.cpp:[m[K In constructor â€˜[01m[KTransformNode::TransformNode()[m[Kâ€™:
[01m[K/home/tang/tang_ws/remote_h/crsf_parser/src/tranform.cpp:10:55:[m[K [01;31m[Kerror: [m[Kâ€˜[01m[Kon_joy_received[m[Kâ€™ is not a member of â€˜[01m[KTransformNode[m[Kâ€™
   10 |             "crsf/joy", 10, std::bind(&TransformNode::[01;31m[Kon_joy_received[m[K, this, std::placeholders::_1));
      |                                                       [01;31m[K^~~~~~~~~~~~~~~[m[K
[01m[K/home/tang/tang_ws/remote_h/crsf_parser/src/tranform.cpp:11:9:[m[K [01;31m[Kerror: [m[Kâ€˜[01m[Kpublisher_[m[Kâ€™ was not declared in this scope; did you mean â€˜[01m[Krmw_publisher_t[m[Kâ€™?
   11 |         [01;31m[Kpublisher_[m[K = this->create_publisher<communication::msg::MotionCommands>("/motion_command", 20);
      |         [01;31m[K^~~~~~~~~~[m[K
      |         [32m[Krmw_publisher_t[m[K
gmake[2]: *** [CMakeFiles/tranform.dir/build.make:76ï¼šCMakeFiles/tranform.dir/src/tranform.cpp.o] é”™è¯¯ 1
gmake[1]: *** [CMakeFiles/Makefile2:650ï¼šCMakeFiles/tranform.dir/all] é”™è¯¯ 2
gmake: *** [Makefile:146ï¼šall] é”™è¯¯ 2
