[0.007s] Invoking command in '/home/tang/tang_ws/remote_h/crsf_parser/build/crsf_parser': CMAKE_PREFIX_PATH=${CMAKE_PREFIX_PATH}:/opt/ros/humble /usr/bin/cmake --build /home/tang/tang_ws/remote_h/crsf_parser/build/crsf_parser -- -j16 -l16
[0.034s] [35m[1mConsolidate compiler generated dependencies of target tranform[0m
[0.039s] [  5%] [32mBuilding CXX object CMakeFiles/transform_node.dir/src/tranform.cpp.o[0m
[0.040s] [ 10%] Built target crsf_parser__rosidl_generator_c
[0.041s] [ 13%] Built target crsf_parser__cpp
[0.045s] [ 16%] Built target ament_cmake_python_copy_crsf_parser
[0.045s] [ 16%] [32mBuilding CXX object CMakeFiles/tranform.dir/src/tranform.cpp.o[0m
[0.047s] [01m[K/home/tang/tang_ws/remote_h/crsf_parser/src/tranform.cpp:1:10:[m[K [01;31m[Kfatal error: [m[Krclcpp/rclcpp.hpp: æ²¡æœ‰é‚£ä¸ªæ–‡ä»¶æˆ–ç›®å½•
[0.048s]     1 | #include [01;31m[K"rclcpp/rclcpp.hpp"[m[K
[0.048s]       |          [01;31m[K^~~~~~~~~~~~~~~~~~~[m[K
[0.048s] compilation terminated.
[0.049s] gmake[2]: *** [CMakeFiles/transform_node.dir/build.make:76ï¼šCMakeFiles/transform_node.dir/src/tranform.cpp.o] é”™è¯¯ 1
[0.049s] gmake[1]: *** [CMakeFiles/Makefile2:624ï¼šCMakeFiles/transform_node.dir/all] é”™è¯¯ 2
[0.049s] gmake[1]: *** æ­£åœ¨ç­‰å¾…æœªå®Œæˆçš„ä»»åŠ¡....
[0.052s] [ 24%] Built target crsf_parser__rosidl_typesupport_introspection_c
[0.053s] [ 32%] Built target crsf_parser__rosidl_typesupport_c
[0.054s] [ 40%] Built target crsf_parser__rosidl_typesupport_fastrtps_c
[0.055s] [ 54%] Built target crsf_parser__rosidl_typesupport_introspection_cpp
[0.055s] [ 56%] Built target crsf_parser__rosidl_typesupport_cpp
[0.061s] [ 64%] Built target crsf_parser__rosidl_typesupport_fastrtps_cpp
[0.169s] running egg_info
[0.169s] writing crsf_parser.egg-info/PKG-INFO
[0.170s] writing dependency_links to crsf_parser.egg-info/dependency_links.txt
[0.170s] writing top-level names to crsf_parser.egg-info/top_level.txt
[0.171s] reading manifest file 'crsf_parser.egg-info/SOURCES.txt'
[0.171s] writing manifest file 'crsf_parser.egg-info/SOURCES.txt'
[0.186s] [ 64%] Built target ament_cmake_python_build_crsf_parser_egg
[1.246s] [01m[K/home/tang/tang_ws/remote_h/crsf_parser/src/tranform.cpp:14:5:[m[K [01;31m[Kerror: [m[Ktwo or more data types in declaration of â€˜[01m[Kon_joy_received[m[Kâ€™
[1.247s]    14 |     [01;31m[Kvoid[m[K
[1.247s]       |     [01;31m[K^~~~[m[K
[1.267s] [01m[K/home/tang/tang_ws/remote_h/crsf_parser/src/tranform.cpp:[m[K In constructor â€˜[01m[KTransformNode::TransformNode()[m[Kâ€™:
[1.267s] [01m[K/home/tang/tang_ws/remote_h/crsf_parser/src/tranform.cpp:10:55:[m[K [01;31m[Kerror: [m[Kâ€˜[01m[Kon_joy_received[m[Kâ€™ is not a member of â€˜[01m[KTransformNode[m[Kâ€™
[1.267s]    10 |             "crsf/joy", 10, std::bind(&TransformNode::[01;31m[Kon_joy_received[m[K, this, std::placeholders::_1));
[1.267s]       |                                                       [01;31m[K^~~~~~~~~~~~~~~[m[K
[1.271s] [01m[K/home/tang/tang_ws/remote_h/crsf_parser/src/tranform.cpp:11:9:[m[K [01;31m[Kerror: [m[Kâ€˜[01m[Kpublisher_[m[Kâ€™ was not declared in this scope; did you mean â€˜[01m[Krmw_publisher_t[m[Kâ€™?
[1.271s]    11 |         [01;31m[Kpublisher_[m[K = this->create_publisher<communication::msg::MotionCommands>("/motion_command", 20);
[1.271s]       |         [01;31m[K^~~~~~~~~~[m[K
[1.271s]       |         [32m[Krmw_publisher_t[m[K
[1.628s] gmake[2]: *** [CMakeFiles/tranform.dir/build.make:76ï¼šCMakeFiles/tranform.dir/src/tranform.cpp.o] é”™è¯¯ 1
[1.628s] gmake[1]: *** [CMakeFiles/Makefile2:650ï¼šCMakeFiles/tranform.dir/all] é”™è¯¯ 2
[1.628s] gmake: *** [Makefile:146ï¼šall] é”™è¯¯ 2
[1.630s] Invoked command in '/home/tang/tang_ws/remote_h/crsf_parser/build/crsf_parser' returned '2': CMAKE_PREFIX_PATH=${CMAKE_PREFIX_PATH}:/opt/ros/humble /usr/bin/cmake --build /home/tang/tang_ws/remote_h/crsf_parser/build/crsf_parser -- -j16 -l16
