[35m[1mConsolidate compiler generated dependencies of target tranform[0m
[  8%] Built target crsf_parser__rosidl_generator_c
[ 11%] Built target crsf_parser__cpp
[ 11%] Built target ament_cmake_python_copy_crsf_parser
[ 14%] [32mBuilding CXX object CMakeFiles/tranform.dir/src/tranform.cpp.o[0m
[ 28%] Built target crsf_parser__rosidl_typesupport_fastrtps_c
[ 31%] Built target crsf_parser__rosidl_typesupport_c
[ 40%] Built target crsf_parser__rosidl_typesupport_cpp
[ 48%] Built target crsf_parser__rosidl_typesupport_fastrtps_cpp
[ 57%] Built target crsf_parser__rosidl_typesupport_introspection_c
[ 65%] Built target crsf_parser__rosidl_typesupport_introspection_cpp
[ 65%] Built target crsf_parser
[ 68%] Built target crsf_parser__py
[ 74%] Built target crsf_parser_node
[ 80%] Built target crsf_parser__rosidl_generator_py
[ 85%] Built target crsf_parser__rosidl_typesupport_introspection_c__pyext
[ 97%] Built target crsf_parser__rosidl_typesupport_fastrtps_c__pyext
[ 97%] Built target crsf_parser__rosidl_typesupport_c__pyext
running egg_info
writing crsf_parser.egg-info/PKG-INFO
writing dependency_links to crsf_parser.egg-info/dependency_links.txt
writing top-level names to crsf_parser.egg-info/top_level.txt
reading manifest file 'crsf_parser.egg-info/SOURCES.txt'
writing manifest file 'crsf_parser.egg-info/SOURCES.txt'
[ 97%] Built target ament_cmake_python_build_crsf_parser_egg
[01m[K/home/tang/tang_ws/remote_h/crsf_parser/src/tranform.cpp:[m[K In member function â€˜[01m[Kvoid TransformNode::publish_motion_commands()[m[Kâ€™:
[01m[K/home/tang/tang_ws/remote_h/crsf_parser/src/tranform.cpp:37:13:[m[K [01;31m[Kerror: [m[Kâ€˜[01m[Kstruct communication::msg::MotionCommands_<std::allocator<void> >[m[Kâ€™ has no member named â€˜[01m[Kx[m[Kâ€™
   37 |         msg.[01;31m[Kx[m[K = x_;
      |             [01;31m[K^[m[K
[01m[K/home/tang/tang_ws/remote_h/crsf_parser/src/tranform.cpp:38:13:[m[K [01;31m[Kerror: [m[Kâ€˜[01m[Kstruct communication::msg::MotionCommands_<std::allocator<void> >[m[Kâ€™ has no member named â€˜[01m[Ky[m[Kâ€™
   38 |         msg.[01;31m[Ky[m[K = y_;
      |             [01;31m[K^[m[K
[01m[K/home/tang/tang_ws/remote_h/crsf_parser/src/tranform.cpp:39:13:[m[K [01;31m[Kerror: [m[Kâ€˜[01m[Kstruct communication::msg::MotionCommands_<std::allocator<void> >[m[Kâ€™ has no member named â€˜[01m[Kz[m[Kâ€™
   39 |         msg.[01;31m[Kz[m[K = z_;
      |             [01;31m[K^[m[K
[01m[K/home/tang/tang_ws/remote_h/crsf_parser/src/tranform.cpp:40:13:[m[K [01;31m[Kerror: [m[Kâ€˜[01m[Kstruct communication::msg::MotionCommands_<std::allocator<void> >[m[Kâ€™ has no member named â€˜[01m[Kyaw[m[Kâ€™
   40 |         msg.[01;31m[Kyaw[m[K = yaw_;
      |             [01;31m[K^~~[m[K
gmake[2]: *** [CMakeFiles/tranform.dir/build.make:76ï¼šCMakeFiles/tranform.dir/src/tranform.cpp.o] é”™è¯¯ 1
gmake[1]: *** [CMakeFiles/Makefile2:622ï¼šCMakeFiles/tranform.dir/all] é”™è¯¯ 2
gmake: *** [Makefile:146ï¼šall] é”™è¯¯ 2
