[0.006s] Invoking command in '/home/tang/tang_ws/remote_h/crsf_parser/build/crsf_parser': CMAKE_PREFIX_PATH=${CMAKE_PREFIX_PATH}:/opt/ros/humble /usr/bin/cmake --build /home/tang/tang_ws/remote_h/crsf_parser/build/crsf_parser -- -j16 -l16
[0.037s] [35m[1mConsolidate compiler generated dependencies of target tranform[0m
[0.041s] [  8%] Built target crsf_parser__rosidl_generator_c
[0.043s] [ 11%] Built target crsf_parser__cpp
[0.049s] [ 11%] Built target ament_cmake_python_copy_crsf_parser
[0.050s] [ 14%] [32mBuilding CXX object CMakeFiles/tranform.dir/src/tranform.cpp.o[0m
[0.057s] [ 28%] Built target crsf_parser__rosidl_typesupport_fastrtps_c
[0.058s] [ 31%] Built target crsf_parser__rosidl_typesupport_c
[0.058s] [ 40%] Built target crsf_parser__rosidl_typesupport_cpp
[0.058s] [ 48%] Built target crsf_parser__rosidl_typesupport_fastrtps_cpp
[0.058s] [ 57%] Built target crsf_parser__rosidl_typesupport_introspection_c
[0.062s] [ 65%] Built target crsf_parser__rosidl_typesupport_introspection_cpp
[0.078s] [ 65%] Built target crsf_parser
[0.097s] [ 68%] Built target crsf_parser__py
[0.099s] [ 74%] Built target crsf_parser_node
[0.113s] [ 80%] Built target crsf_parser__rosidl_generator_py
[0.130s] [ 85%] Built target crsf_parser__rosidl_typesupport_introspection_c__pyext
[0.132s] [ 97%] Built target crsf_parser__rosidl_typesupport_fastrtps_c__pyext
[0.132s] [ 97%] Built target crsf_parser__rosidl_typesupport_c__pyext
[0.183s] running egg_info
[0.183s] writing crsf_parser.egg-info/PKG-INFO
[0.183s] writing dependency_links to crsf_parser.egg-info/dependency_links.txt
[0.184s] writing top-level names to crsf_parser.egg-info/top_level.txt
[0.185s] reading manifest file 'crsf_parser.egg-info/SOURCES.txt'
[0.185s] writing manifest file 'crsf_parser.egg-info/SOURCES.txt'
[0.204s] [ 97%] Built target ament_cmake_python_build_crsf_parser_egg
[1.276s] [01m[K/home/tang/tang_ws/remote_h/crsf_parser/src/tranform.cpp:[m[K In member function â€˜[01m[Kvoid TransformNode::publish_motion_commands()[m[Kâ€™:
[1.276s] [01m[K/home/tang/tang_ws/remote_h/crsf_parser/src/tranform.cpp:37:13:[m[K [01;31m[Kerror: [m[Kâ€˜[01m[Kstruct communication::msg::MotionCommands_<std::allocator<void> >[m[Kâ€™ has no member named â€˜[01m[Kx[m[Kâ€™
[1.276s]    37 |         msg.[01;31m[Kx[m[K = x_;
[1.276s]       |             [01;31m[K^[m[K
[1.276s] [01m[K/home/tang/tang_ws/remote_h/crsf_parser/src/tranform.cpp:38:13:[m[K [01;31m[Kerror: [m[Kâ€˜[01m[Kstruct communication::msg::MotionCommands_<std::allocator<void> >[m[Kâ€™ has no member named â€˜[01m[Ky[m[Kâ€™
[1.276s]    38 |         msg.[01;31m[Ky[m[K = y_;
[1.276s]       |             [01;31m[K^[m[K
[1.276s] [01m[K/home/tang/tang_ws/remote_h/crsf_parser/src/tranform.cpp:39:13:[m[K [01;31m[Kerror: [m[Kâ€˜[01m[Kstruct communication::msg::MotionCommands_<std::allocator<void> >[m[Kâ€™ has no member named â€˜[01m[Kz[m[Kâ€™
[1.276s]    39 |         msg.[01;31m[Kz[m[K = z_;
[1.276s]       |             [01;31m[K^[m[K
[1.276s] [01m[K/home/tang/tang_ws/remote_h/crsf_parser/src/tranform.cpp:40:13:[m[K [01;31m[Kerror: [m[Kâ€˜[01m[Kstruct communication::msg::MotionCommands_<std::allocator<void> >[m[Kâ€™ has no member named â€˜[01m[Kyaw[m[Kâ€™
[1.276s]    40 |         msg.[01;31m[Kyaw[m[K = yaw_;
[1.277s]       |             [01;31m[K^~~[m[K
[2.560s] gmake[2]: *** [CMakeFiles/tranform.dir/build.make:76ï¼šCMakeFiles/tranform.dir/src/tranform.cpp.o] é”™è¯¯ 1
[2.560s] gmake[1]: *** [CMakeFiles/Makefile2:622ï¼šCMakeFiles/tranform.dir/all] é”™è¯¯ 2
[2.560s] gmake: *** [Makefile:146ï¼šall] é”™è¯¯ 2
[2.562s] Invoked command in '/home/tang/tang_ws/remote_h/crsf_parser/build/crsf_parser' returned '2': CMAKE_PREFIX_PATH=${CMAKE_PREFIX_PATH}:/opt/ros/humble /usr/bin/cmake --build /home/tang/tang_ws/remote_h/crsf_parser/build/crsf_parser -- -j16 -l16
